Init bitmap
Init bitmap_values
Trying to redefine the bit with (self,7,7,Timestamp,N,14,n)
Bit 7 redefined!
Trying to redefine the bit with (self,11,11,TransactionID,N,15,an)
Bit 11 redefined!
Trying to redefine the bit with (self,63,63,PartnerID,LL,99,an)
Bit 63 redefined!
ASCII to process <0200722000000000000308468401400000000000000000282012110815370010100023891551408idt_test174uhmfzBq65sgBhXNfhz4i1bxwiDL9lOCHh4FMeMF0BO1I/GTuQzlVib1V6S5eYnj4Q+xaeyY86k7rsREDTx0Z4WJZxsB4MWG8mKkHbIpJmECp1UY8AlBJZmY9+hnfZruk.CiDopKm1Ip1XfmlbWyQe+zd7fIilMFpE7RFSnAU1izI=
>
MTI found was 0200
Token[0] 72 converted to int is = 114
Token[2] 20 converted to int is = 32
Token[4] 00 converted to int is = 0
Token[6] 00 converted to int is = 0
Token[8] 00 converted to int is = 0
Token[10] 00 converted to int is = 0
Token[12] 00 converted to int is = 0
Token[14] 03 converted to int is = 3
Value (1)-> 114 & 1 = 0
Value (2)-> 114 & 128 = 0
Value (3)-> 114 & 64 = 64
Bit 2 is present !!!
Value (4)-> 114 & 32 = 32
Bit 3 is present !!!
Value (5)-> 114 & 16 = 16
Bit 4 is present !!!
Value (6)-> 114 & 8 = 0
Value (7)-> 114 & 4 = 0
Value (8)-> 114 & 2 = 2
Bit 7 is present !!!
Value (1)-> 32 & 1 = 0
Value (2)-> 32 & 128 = 0
Value (3)-> 32 & 64 = 0
Value (4)-> 32 & 32 = 32
Bit 11 is present !!!
Value (5)-> 32 & 16 = 0
Value (6)-> 32 & 8 = 0
Value (7)-> 32 & 4 = 0
Value (8)-> 32 & 2 = 0
Value (1)-> 0 & 1 = 0
Value (2)-> 0 & 128 = 0
Value (3)-> 0 & 64 = 0
Value (4)-> 0 & 32 = 0
Value (5)-> 0 & 16 = 0
Value (6)-> 0 & 8 = 0
Value (7)-> 0 & 4 = 0
Value (8)-> 0 & 2 = 0
Value (1)-> 0 & 1 = 0
Value (2)-> 0 & 128 = 0
Value (3)-> 0 & 64 = 0
Value (4)-> 0 & 32 = 0
Value (5)-> 0 & 16 = 0
Value (6)-> 0 & 8 = 0
Value (7)-> 0 & 4 = 0
Value (8)-> 0 & 2 = 0
Value (1)-> 0 & 1 = 0
Value (2)-> 0 & 128 = 0
Value (3)-> 0 & 64 = 0
Value (4)-> 0 & 32 = 0
Value (5)-> 0 & 16 = 0
Value (6)-> 0 & 8 = 0
Value (7)-> 0 & 4 = 0
Value (8)-> 0 & 2 = 0
Value (1)-> 0 & 1 = 0
Value (2)-> 0 & 128 = 0
Value (3)-> 0 & 64 = 0
Value (4)-> 0 & 32 = 0
Value (5)-> 0 & 16 = 0
Value (6)-> 0 & 8 = 0
Value (7)-> 0 & 4 = 0
Value (8)-> 0 & 2 = 0
Value (1)-> 0 & 1 = 0
Value (2)-> 0 & 128 = 0
Value (3)-> 0 & 64 = 0
Value (4)-> 0 & 32 = 0
Value (5)-> 0 & 16 = 0
Value (6)-> 0 & 8 = 0
Value (7)-> 0 & 4 = 0
Value (8)-> 0 & 2 = 0
Value (1)-> 3 & 1 = 1
Bit 64 is present !!!
Value (2)-> 3 & 128 = 0
Value (3)-> 3 & 64 = 0
Value (4)-> 3 & 32 = 0
Value (5)-> 3 & 16 = 0
Value (6)-> 3 & 8 = 0
Value (7)-> 3 & 4 = 0
Value (8)-> 3 & 2 = 2
Bit 63 is present !!!
Value (1)-> 0 & 1 = 0
Value (2)-> 0 & 128 = 0
Value (3)-> 0 & 64 = 0
Value (4)-> 0 & 32 = 0
Value (5)-> 0 & 16 = 0
Value (6)-> 0 & 8 = 0
Value (7)-> 0 & 4 = 0
Value (8)-> 0 & 2 = 0
Value (1)-> 0 & 1 = 0
Value (2)-> 0 & 128 = 0
Value (3)-> 0 & 64 = 0
Value (4)-> 0 & 32 = 0
Value (5)-> 0 & 16 = 0
Value (6)-> 0 & 8 = 0
Value (7)-> 0 & 4 = 0
Value (8)-> 0 & 2 = 0
Value (1)-> 0 & 1 = 0
Value (2)-> 0 & 128 = 0
Value (3)-> 0 & 64 = 0
Value (4)-> 0 & 32 = 0
Value (5)-> 0 & 16 = 0
Value (6)-> 0 & 8 = 0
Value (7)-> 0 & 4 = 0
Value (8)-> 0 & 2 = 0
Value (1)-> 0 & 1 = 0
Value (2)-> 0 & 128 = 0
Value (3)-> 0 & 64 = 0
Value (4)-> 0 & 32 = 0
Value (5)-> 0 & 16 = 0
Value (6)-> 0 & 8 = 0
Value (7)-> 0 & 4 = 0
Value (8)-> 0 & 2 = 0
Value (1)-> 0 & 1 = 0
Value (2)-> 0 & 128 = 0
Value (3)-> 0 & 64 = 0
Value (4)-> 0 & 32 = 0
Value (5)-> 0 & 16 = 0
Value (6)-> 0 & 8 = 0
Value (7)-> 0 & 4 = 0
Value (8)-> 0 & 2 = 0
Value (1)-> 0 & 1 = 0
Value (2)-> 0 & 128 = 0
Value (3)-> 0 & 64 = 0
Value (4)-> 0 & 32 = 0
Value (5)-> 0 & 16 = 0
Value (6)-> 0 & 8 = 0
Value (7)-> 0 & 4 = 0
Value (8)-> 0 & 2 = 0
Value (1)-> 0 & 1 = 0
Value (2)-> 0 & 128 = 0
Value (3)-> 0 & 64 = 0
Value (4)-> 0 & 32 = 0
Value (5)-> 0 & 16 = 0
Value (6)-> 0 & 8 = 0
Value (7)-> 0 & 4 = 0
Value (8)-> 0 & 2 = 0
Value (1)-> 0 & 1 = 0
Value (2)-> 0 & 128 = 0
Value (3)-> 0 & 64 = 0
Value (4)-> 0 & 32 = 0
Value (5)-> 0 & 16 = 0
Value (6)-> 0 & 8 = 0
Value (7)-> 0 & 4 = 0
Value (8)-> 0 & 2 = 0
This is the array of bits (before) [0, 0, 'X', 'X', 'X', 0, 0, 'X', 0, 0, 0, 'X', 0, 0, 0, 0, 0, 0, 0, 0, 0, 0, 0, 0, 0, 0, 0, 0, 0, 0, 0, 0, 0, 0, 0, 0, 0, 0, 0, 0, 0, 0, 0, 0, 0, 0, 0, 0, 0, 0, 0, 0, 0, 0, 0, 0, 0, 0, 0, 0, 0, 0, 0, 'X', 'X', 0, 0, 0, 0, 0, 0, 0, 0, 0, 0, 0, 0, 0, 0, 0, 0, 0, 0, 0, 0, 0, 0, 0, 0, 0, 0, 0, 0, 0, 0, 0, 0, 0, 0, 0, 0, 0, 0, 0, 0, 0, 0, 0, 0, 0, 0, 0, 0, 0, 0, 0, 0, 0, 0, 0, 0, 0, 0, 0, 0, 0, 0, 0] 
This is the input string <08468401400000000000000000282012110815370010100023891551408idt_test174uhmfzBq65sgBhXNfhz4i1bxwiDL9lOCHh4FMeMF0BO1I/GTuQzlVib1V6S5eYnj4Q+xaeyY86k7rsREDTx0Z4WJZxsB4MWG8mKkHbIpJmECp1UY8AlBJZmY9+hnfZruk.CiDopKm1Ip1XfmlbWyQe+zd7fIilMFpE7RFSnAU1izI=
>
String = 08468401400000000000000000282012110815370010100023891551408idt_test174uhmfzBq65sgBhXNfhz4i1bxwiDL9lOCHh4FMeMF0BO1I/GTuQzlVib1V6S5eYnj4Q+xaeyY86k7rsREDTx0Z4WJZxsB4MWG8mKkHbIpJmECp1UY8AlBJZmY9+hnfZruk.CiDopKm1Ip1XfmlbWyQe+zd7fIilMFpE7RFSnAU1izI=
 offset = 0 bit = 2
Size of the message in LL = 8
	Setting bit 2 value 0846840140
String = 0000000000000000282012110815370010100023891551408idt_test174uhmfzBq65sgBhXNfhz4i1bxwiDL9lOCHh4FMeMF0BO1I/GTuQzlVib1V6S5eYnj4Q+xaeyY86k7rsREDTx0Z4WJZxsB4MWG8mKkHbIpJmECp1UY8AlBJZmY9+hnfZruk.CiDopKm1Ip1XfmlbWyQe+zd7fIilMFpE7RFSnAU1izI=
 offset = 10 bit = 3
	Setting bit 3 value 000000
String = 0000000000282012110815370010100023891551408idt_test174uhmfzBq65sgBhXNfhz4i1bxwiDL9lOCHh4FMeMF0BO1I/GTuQzlVib1V6S5eYnj4Q+xaeyY86k7rsREDTx0Z4WJZxsB4MWG8mKkHbIpJmECp1UY8AlBJZmY9+hnfZruk.CiDopKm1Ip1XfmlbWyQe+zd7fIilMFpE7RFSnAU1izI=
 offset = 16 bit = 4
	Setting bit 4 value 000000000028
String = 2012110815370010100023891551408idt_test174uhmfzBq65sgBhXNfhz4i1bxwiDL9lOCHh4FMeMF0BO1I/GTuQzlVib1V6S5eYnj4Q+xaeyY86k7rsREDTx0Z4WJZxsB4MWG8mKkHbIpJmECp1UY8AlBJZmY9+hnfZruk.CiDopKm1Ip1XfmlbWyQe+zd7fIilMFpE7RFSnAU1izI=
 offset = 28 bit = 7
	Setting bit 7 value 20121108153700
String = 10100023891551408idt_test174uhmfzBq65sgBhXNfhz4i1bxwiDL9lOCHh4FMeMF0BO1I/GTuQzlVib1V6S5eYnj4Q+xaeyY86k7rsREDTx0Z4WJZxsB4MWG8mKkHbIpJmECp1UY8AlBJZmY9+hnfZruk.CiDopKm1Ip1XfmlbWyQe+zd7fIilMFpE7RFSnAU1izI=
 offset = 42 bit = 11
	Setting bit 11 value 101000238915514
String = 08idt_test174uhmfzBq65sgBhXNfhz4i1bxwiDL9lOCHh4FMeMF0BO1I/GTuQzlVib1V6S5eYnj4Q+xaeyY86k7rsREDTx0Z4WJZxsB4MWG8mKkHbIpJmECp1UY8AlBJZmY9+hnfZruk.CiDopKm1Ip1XfmlbWyQe+zd7fIilMFpE7RFSnAU1izI=
 offset = 57 bit = 63
Size of the message in LL = 8
	Setting bit 63 value 08idt_test
String = 174uhmfzBq65sgBhXNfhz4i1bxwiDL9lOCHh4FMeMF0BO1I/GTuQzlVib1V6S5eYnj4Q+xaeyY86k7rsREDTx0Z4WJZxsB4MWG8mKkHbIpJmECp1UY8AlBJZmY9+hnfZruk.CiDopKm1Ip1XfmlbWyQe+zd7fIilMFpE7RFSnAU1izI=
 offset = 67 bit = 64
This is the array of bits (after) [0, 0, '0846840140', '000000', '000000000028', 0, 0, '20121108153700', 0, 0, 0, '101000238915514', 0, 0, 0, 0, 0, 0, 0, 0, 0, 0, 0, 0, 0, 0, 0, 0, 0, 0, 0, 0, 0, 0, 0, 0, 0, 0, 0, 0, 0, 0, 0, 0, 0, 0, 0, 0, 0, 0, 0, 0, 0, 0, 0, 0, 0, 0, 0, 0, 0, 0, 0, '08idt_test', 'X', 0, 0, 0, 0, 0, 0, 0, 0, 0, 0, 0, 0, 0, 0, 0, 0, 0, 0, 0, 0, 0, 0, 0, 0, 0, 0, 0, 0, 0, 0, 0, 0, 0, 0, 0, 0, 0, 0, 0, 0, 0, 0, 0, 0, 0, 0, 0, 0, 0, 0, 0, 0, 0, 0, 0, 0, 0, 0, 0, 0, 0, 0, 0] 
Value (1)-> 114 & 1 = 0
Value (2)-> 114 & 128 = 0
Value (3)-> 114 & 64 = 64
Bit 2 is present !!!
Value (4)-> 114 & 32 = 32
Bit 3 is present !!!
Value (5)-> 114 & 16 = 16
Bit 4 is present !!!
Value (6)-> 114 & 8 = 0
Value (7)-> 114 & 4 = 0
Value (8)-> 114 & 2 = 2
Bit 7 is present !!!
Value (1)-> 32 & 1 = 0
Value (2)-> 32 & 128 = 0
Value (3)-> 32 & 64 = 0
Value (4)-> 32 & 32 = 32
Bit 11 is present !!!
Value (5)-> 32 & 16 = 0
Value (6)-> 32 & 8 = 0
Value (7)-> 32 & 4 = 0
Value (8)-> 32 & 2 = 0
Value (1)-> 0 & 1 = 0
Value (2)-> 0 & 128 = 0
Value (3)-> 0 & 64 = 0
Value (4)-> 0 & 32 = 0
Value (5)-> 0 & 16 = 0
Value (6)-> 0 & 8 = 0
Value (7)-> 0 & 4 = 0
Value (8)-> 0 & 2 = 0
Value (1)-> 0 & 1 = 0
Value (2)-> 0 & 128 = 0
Value (3)-> 0 & 64 = 0
Value (4)-> 0 & 32 = 0
Value (5)-> 0 & 16 = 0
Value (6)-> 0 & 8 = 0
Value (7)-> 0 & 4 = 0
Value (8)-> 0 & 2 = 0
Value (1)-> 0 & 1 = 0
Value (2)-> 0 & 128 = 0
Value (3)-> 0 & 64 = 0
Value (4)-> 0 & 32 = 0
Value (5)-> 0 & 16 = 0
Value (6)-> 0 & 8 = 0
Value (7)-> 0 & 4 = 0
Value (8)-> 0 & 2 = 0
Value (1)-> 0 & 1 = 0
Value (2)-> 0 & 128 = 0
Value (3)-> 0 & 64 = 0
Value (4)-> 0 & 32 = 0
Value (5)-> 0 & 16 = 0
Value (6)-> 0 & 8 = 0
Value (7)-> 0 & 4 = 0
Value (8)-> 0 & 2 = 0
Value (1)-> 0 & 1 = 0
Value (2)-> 0 & 128 = 0
Value (3)-> 0 & 64 = 0
Value (4)-> 0 & 32 = 0
Value (5)-> 0 & 16 = 0
Value (6)-> 0 & 8 = 0
Value (7)-> 0 & 4 = 0
Value (8)-> 0 & 2 = 0
Value (1)-> 3 & 1 = 1
Bit 64 is present !!!
Value (2)-> 3 & 128 = 0
Value (3)-> 3 & 64 = 0
Value (4)-> 3 & 32 = 0
Value (5)-> 3 & 16 = 0
Value (6)-> 3 & 8 = 0
Value (7)-> 3 & 4 = 0
Value (8)-> 3 & 2 = 2
Bit 63 is present !!!
Value (1)-> 0 & 1 = 0
Value (2)-> 0 & 128 = 0
Value (3)-> 0 & 64 = 0
Value (4)-> 0 & 32 = 0
Value (5)-> 0 & 16 = 0
Value (6)-> 0 & 8 = 0
Value (7)-> 0 & 4 = 0
Value (8)-> 0 & 2 = 0
Value (1)-> 0 & 1 = 0
Value (2)-> 0 & 128 = 0
Value (3)-> 0 & 64 = 0
Value (4)-> 0 & 32 = 0
Value (5)-> 0 & 16 = 0
Value (6)-> 0 & 8 = 0
Value (7)-> 0 & 4 = 0
Value (8)-> 0 & 2 = 0
Value (1)-> 0 & 1 = 0
Value (2)-> 0 & 128 = 0
Value (3)-> 0 & 64 = 0
Value (4)-> 0 & 32 = 0
Value (5)-> 0 & 16 = 0
Value (6)-> 0 & 8 = 0
Value (7)-> 0 & 4 = 0
Value (8)-> 0 & 2 = 0
Value (1)-> 0 & 1 = 0
Value (2)-> 0 & 128 = 0
Value (3)-> 0 & 64 = 0
Value (4)-> 0 & 32 = 0
Value (5)-> 0 & 16 = 0
Value (6)-> 0 & 8 = 0
Value (7)-> 0 & 4 = 0
Value (8)-> 0 & 2 = 0
Value (1)-> 0 & 1 = 0
Value (2)-> 0 & 128 = 0
Value (3)-> 0 & 64 = 0
Value (4)-> 0 & 32 = 0
Value (5)-> 0 & 16 = 0
Value (6)-> 0 & 8 = 0
Value (7)-> 0 & 4 = 0
Value (8)-> 0 & 2 = 0
Value (1)-> 0 & 1 = 0
Value (2)-> 0 & 128 = 0
Value (3)-> 0 & 64 = 0
Value (4)-> 0 & 32 = 0
Value (5)-> 0 & 16 = 0
Value (6)-> 0 & 8 = 0
Value (7)-> 0 & 4 = 0
Value (8)-> 0 & 2 = 0
Value (1)-> 0 & 1 = 0
Value (2)-> 0 & 128 = 0
Value (3)-> 0 & 64 = 0
Value (4)-> 0 & 32 = 0
Value (5)-> 0 & 16 = 0
Value (6)-> 0 & 8 = 0
Value (7)-> 0 & 4 = 0
Value (8)-> 0 & 2 = 0
Value (1)-> 0 & 1 = 0
Value (2)-> 0 & 128 = 0
Value (3)-> 0 & 64 = 0
Value (4)-> 0 & 32 = 0
Value (5)-> 0 & 16 = 0
Value (6)-> 0 & 8 = 0
Value (7)-> 0 & 4 = 0
Value (8)-> 0 & 2 = 0
This is the array of bits inside the bitmap [2, 3, 4, 7, 11, 63, 64]
Value (1)-> 114 & 1 = 0
Value (2)-> 114 & 128 = 0
Value (3)-> 114 & 64 = 64
Bit 2 is present !!!
Value (4)-> 114 & 32 = 32
Bit 3 is present !!!
Value (5)-> 114 & 16 = 16
Bit 4 is present !!!
Value (6)-> 114 & 8 = 0
Value (7)-> 114 & 4 = 0
Value (8)-> 114 & 2 = 2
Bit 7 is present !!!
Value (1)-> 32 & 1 = 0
Value (2)-> 32 & 128 = 0
Value (3)-> 32 & 64 = 0
Value (4)-> 32 & 32 = 32
Bit 11 is present !!!
Value (5)-> 32 & 16 = 0
Value (6)-> 32 & 8 = 0
Value (7)-> 32 & 4 = 0
Value (8)-> 32 & 2 = 0
Value (1)-> 0 & 1 = 0
Value (2)-> 0 & 128 = 0
Value (3)-> 0 & 64 = 0
Value (4)-> 0 & 32 = 0
Value (5)-> 0 & 16 = 0
Value (6)-> 0 & 8 = 0
Value (7)-> 0 & 4 = 0
Value (8)-> 0 & 2 = 0
Value (1)-> 0 & 1 = 0
Value (2)-> 0 & 128 = 0
Value (3)-> 0 & 64 = 0
Value (4)-> 0 & 32 = 0
Value (5)-> 0 & 16 = 0
Value (6)-> 0 & 8 = 0
Value (7)-> 0 & 4 = 0
Value (8)-> 0 & 2 = 0
Value (1)-> 0 & 1 = 0
Value (2)-> 0 & 128 = 0
Value (3)-> 0 & 64 = 0
Value (4)-> 0 & 32 = 0
Value (5)-> 0 & 16 = 0
Value (6)-> 0 & 8 = 0
Value (7)-> 0 & 4 = 0
Value (8)-> 0 & 2 = 0
Value (1)-> 0 & 1 = 0
Value (2)-> 0 & 128 = 0
Value (3)-> 0 & 64 = 0
Value (4)-> 0 & 32 = 0
Value (5)-> 0 & 16 = 0
Value (6)-> 0 & 8 = 0
Value (7)-> 0 & 4 = 0
Value (8)-> 0 & 2 = 0
Value (1)-> 0 & 1 = 0
Value (2)-> 0 & 128 = 0
Value (3)-> 0 & 64 = 0
Value (4)-> 0 & 32 = 0
Value (5)-> 0 & 16 = 0
Value (6)-> 0 & 8 = 0
Value (7)-> 0 & 4 = 0
Value (8)-> 0 & 2 = 0
Value (1)-> 3 & 1 = 1
Bit 64 is present !!!
Value (2)-> 3 & 128 = 0
Value (3)-> 3 & 64 = 0
Value (4)-> 3 & 32 = 0
Value (5)-> 3 & 16 = 0
Value (6)-> 3 & 8 = 0
Value (7)-> 3 & 4 = 0
Value (8)-> 3 & 2 = 2
Bit 63 is present !!!
Value (1)-> 0 & 1 = 0
Value (2)-> 0 & 128 = 0
Value (3)-> 0 & 64 = 0
Value (4)-> 0 & 32 = 0
Value (5)-> 0 & 16 = 0
Value (6)-> 0 & 8 = 0
Value (7)-> 0 & 4 = 0
Value (8)-> 0 & 2 = 0
Value (1)-> 0 & 1 = 0
Value (2)-> 0 & 128 = 0
Value (3)-> 0 & 64 = 0
Value (4)-> 0 & 32 = 0
Value (5)-> 0 & 16 = 0
Value (6)-> 0 & 8 = 0
Value (7)-> 0 & 4 = 0
Value (8)-> 0 & 2 = 0
Value (1)-> 0 & 1 = 0
Value (2)-> 0 & 128 = 0
Value (3)-> 0 & 64 = 0
Value (4)-> 0 & 32 = 0
Value (5)-> 0 & 16 = 0
Value (6)-> 0 & 8 = 0
Value (7)-> 0 & 4 = 0
Value (8)-> 0 & 2 = 0
Value (1)-> 0 & 1 = 0
Value (2)-> 0 & 128 = 0
Value (3)-> 0 & 64 = 0
Value (4)-> 0 & 32 = 0
Value (5)-> 0 & 16 = 0
Value (6)-> 0 & 8 = 0
Value (7)-> 0 & 4 = 0
Value (8)-> 0 & 2 = 0
Value (1)-> 0 & 1 = 0
Value (2)-> 0 & 128 = 0
Value (3)-> 0 & 64 = 0
Value (4)-> 0 & 32 = 0
Value (5)-> 0 & 16 = 0
Value (6)-> 0 & 8 = 0
Value (7)-> 0 & 4 = 0
Value (8)-> 0 & 2 = 0
Value (1)-> 0 & 1 = 0
Value (2)-> 0 & 128 = 0
Value (3)-> 0 & 64 = 0
Value (4)-> 0 & 32 = 0
Value (5)-> 0 & 16 = 0
Value (6)-> 0 & 8 = 0
Value (7)-> 0 & 4 = 0
Value (8)-> 0 & 2 = 0
Value (1)-> 0 & 1 = 0
Value (2)-> 0 & 128 = 0
Value (3)-> 0 & 64 = 0
Value (4)-> 0 & 32 = 0
Value (5)-> 0 & 16 = 0
Value (6)-> 0 & 8 = 0
Value (7)-> 0 & 4 = 0
Value (8)-> 0 & 2 = 0
Value (1)-> 0 & 1 = 0
Value (2)-> 0 & 128 = 0
Value (3)-> 0 & 64 = 0
Value (4)-> 0 & 32 = 0
Value (5)-> 0 & 16 = 0
Value (6)-> 0 & 8 = 0
Value (7)-> 0 & 4 = 0
Value (8)-> 0 & 2 = 0
This is the array of bits inside the bitmap [2, 3, 4, 7, 11, 63, 64]
Value (1)-> 114 & 1 = 0
Value (2)-> 114 & 128 = 0
Value (3)-> 114 & 64 = 64
Bit 2 is present !!!
Value (4)-> 114 & 32 = 32
Bit 3 is present !!!
Value (5)-> 114 & 16 = 16
Bit 4 is present !!!
Value (6)-> 114 & 8 = 0
Value (7)-> 114 & 4 = 0
Value (8)-> 114 & 2 = 2
Bit 7 is present !!!
Value (1)-> 32 & 1 = 0
Value (2)-> 32 & 128 = 0
Value (3)-> 32 & 64 = 0
Value (4)-> 32 & 32 = 32
Bit 11 is present !!!
Value (5)-> 32 & 16 = 0
Value (6)-> 32 & 8 = 0
Value (7)-> 32 & 4 = 0
Value (8)-> 32 & 2 = 0
Value (1)-> 0 & 1 = 0
Value (2)-> 0 & 128 = 0
Value (3)-> 0 & 64 = 0
Value (4)-> 0 & 32 = 0
Value (5)-> 0 & 16 = 0
Value (6)-> 0 & 8 = 0
Value (7)-> 0 & 4 = 0
Value (8)-> 0 & 2 = 0
Value (1)-> 0 & 1 = 0
Value (2)-> 0 & 128 = 0
Value (3)-> 0 & 64 = 0
Value (4)-> 0 & 32 = 0
Value (5)-> 0 & 16 = 0
Value (6)-> 0 & 8 = 0
Value (7)-> 0 & 4 = 0
Value (8)-> 0 & 2 = 0
Value (1)-> 0 & 1 = 0
Value (2)-> 0 & 128 = 0
Value (3)-> 0 & 64 = 0
Value (4)-> 0 & 32 = 0
Value (5)-> 0 & 16 = 0
Value (6)-> 0 & 8 = 0
Value (7)-> 0 & 4 = 0
Value (8)-> 0 & 2 = 0
Value (1)-> 0 & 1 = 0
Value (2)-> 0 & 128 = 0
Value (3)-> 0 & 64 = 0
Value (4)-> 0 & 32 = 0
Value (5)-> 0 & 16 = 0
Value (6)-> 0 & 8 = 0
Value (7)-> 0 & 4 = 0
Value (8)-> 0 & 2 = 0
Value (1)-> 0 & 1 = 0
Value (2)-> 0 & 128 = 0
Value (3)-> 0 & 64 = 0
Value (4)-> 0 & 32 = 0
Value (5)-> 0 & 16 = 0
Value (6)-> 0 & 8 = 0
Value (7)-> 0 & 4 = 0
Value (8)-> 0 & 2 = 0
Value (1)-> 3 & 1 = 1
Bit 64 is present !!!
Value (2)-> 3 & 128 = 0
Value (3)-> 3 & 64 = 0
Value (4)-> 3 & 32 = 0
Value (5)-> 3 & 16 = 0
Value (6)-> 3 & 8 = 0
Value (7)-> 3 & 4 = 0
Value (8)-> 3 & 2 = 2
Bit 63 is present !!!
Value (1)-> 0 & 1 = 0
Value (2)-> 0 & 128 = 0
Value (3)-> 0 & 64 = 0
Value (4)-> 0 & 32 = 0
Value (5)-> 0 & 16 = 0
Value (6)-> 0 & 8 = 0
Value (7)-> 0 & 4 = 0
Value (8)-> 0 & 2 = 0
Value (1)-> 0 & 1 = 0
Value (2)-> 0 & 128 = 0
Value (3)-> 0 & 64 = 0
Value (4)-> 0 & 32 = 0
Value (5)-> 0 & 16 = 0
Value (6)-> 0 & 8 = 0
Value (7)-> 0 & 4 = 0
Value (8)-> 0 & 2 = 0
Value (1)-> 0 & 1 = 0
Value (2)-> 0 & 128 = 0
Value (3)-> 0 & 64 = 0
Value (4)-> 0 & 32 = 0
Value (5)-> 0 & 16 = 0
Value (6)-> 0 & 8 = 0
Value (7)-> 0 & 4 = 0
Value (8)-> 0 & 2 = 0
Value (1)-> 0 & 1 = 0
Value (2)-> 0 & 128 = 0
Value (3)-> 0 & 64 = 0
Value (4)-> 0 & 32 = 0
Value (5)-> 0 & 16 = 0
Value (6)-> 0 & 8 = 0
Value (7)-> 0 & 4 = 0
Value (8)-> 0 & 2 = 0
Value (1)-> 0 & 1 = 0
Value (2)-> 0 & 128 = 0
Value (3)-> 0 & 64 = 0
Value (4)-> 0 & 32 = 0
Value (5)-> 0 & 16 = 0
Value (6)-> 0 & 8 = 0
Value (7)-> 0 & 4 = 0
Value (8)-> 0 & 2 = 0
Value (1)-> 0 & 1 = 0
Value (2)-> 0 & 128 = 0
Value (3)-> 0 & 64 = 0
Value (4)-> 0 & 32 = 0
Value (5)-> 0 & 16 = 0
Value (6)-> 0 & 8 = 0
Value (7)-> 0 & 4 = 0
Value (8)-> 0 & 2 = 0
Value (1)-> 0 & 1 = 0
Value (2)-> 0 & 128 = 0
Value (3)-> 0 & 64 = 0
Value (4)-> 0 & 32 = 0
Value (5)-> 0 & 16 = 0
Value (6)-> 0 & 8 = 0
Value (7)-> 0 & 4 = 0
Value (8)-> 0 & 2 = 0
Value (1)-> 0 & 1 = 0
Value (2)-> 0 & 128 = 0
Value (3)-> 0 & 64 = 0
Value (4)-> 0 & 32 = 0
Value (5)-> 0 & 16 = 0
Value (6)-> 0 & 8 = 0
Value (7)-> 0 & 4 = 0
Value (8)-> 0 & 2 = 0
This is the array of bits inside the bitmap [2, 3, 4, 7, 11, 63, 64]
Setting bit inside bitmap bit[3] = 400000
Setting bit inside bitmap bit[39] = 00
0 Bitmap = 114(Decimal) = 0x72 (hexa) 
1 Bitmap = 32(Decimal) = 0x20 (hexa) 
2 Bitmap = 0(Decimal) = 0x0 (hexa) 
3 Bitmap = 0(Decimal) = 0x0 (hexa) 
4 Bitmap = 2(Decimal) = 0x2 (hexa) 
5 Bitmap = 0(Decimal) = 0x0 (hexa) 
6 Bitmap = 0(Decimal) = 0x0 (hexa) 
7 Bitmap = 3(Decimal) = 0x3 (hexa) 
0090021072200000020000030846840140400000000000000028201211081537001010002389155140008idt_testX